<?xml version="1.0" encoding="UTF-8"?>
<!-- Generated by org.testng.reporters.JUnitReportReporter -->
<testsuite skipped="0" hostname="DESKTOP-NJUVG1C" name="com.crm.qa.testcase.ContactsPageTest" tests="2" failures="0" timestamp="22 Jul 2020 12:34:08 GMT" time="71.999" errors="0">
  <testcase name="clickOnNewContactSave" time="34.702" classname="com.crm.qa.testcase.ContactsPageTest"/>
  <testcase name="clickOnNewContactSave" time="37.297" classname="com.crm.qa.testcase.ContactsPageTest"/>
</testsuite> <!-- com.crm.qa.testcase.ContactsPageTest -->
