<?xml version="1.0" encoding="UTF-8"?>
<!-- Generated by org.testng.reporters.JUnitReportReporter -->
<testsuite skipped="0" hostname="DESKTOP-NJUVG1C" name="com.crm.qa.testcase.HomePageTest" tests="3" failures="0" timestamp="29 Jul 2020 07:13:37 GMT" time="123.769" errors="0">
  <testcase name="verifyHomeTitleTest" time="49.494" classname="com.crm.qa.testcase.HomePageTest"/>
  <testcase name="verifyUserNameTest" time="44.051" classname="com.crm.qa.testcase.HomePageTest"/>
  <testcase name="verifyContactLLinkTest" time="30.224" classname="com.crm.qa.testcase.HomePageTest"/>
</testsuite> <!-- com.crm.qa.testcase.HomePageTest -->
