<?xml version="1.0" encoding="UTF-8"?>
<!-- Generated by org.testng.reporters.JUnitReportReporter -->
<testsuite skipped="0" hostname="DESKTOP-NJUVG1C" name="com.crm.qa.testcase.LoginPageTest" tests="2" failures="0" timestamp="29 Jul 2020 07:13:37 GMT" time="97.856" errors="0">
  <testcase name="loginPageTitleTest" time="29.428" classname="com.crm.qa.testcase.LoginPageTest"/>
  <testcase name="loginTest" time="68.428" classname="com.crm.qa.testcase.LoginPageTest"/>
</testsuite> <!-- com.crm.qa.testcase.LoginPageTest -->
