<?xml version="1.0" encoding="UTF-8"?>
<!-- Generated by org.testng.reporters.JUnitReportReporter -->
<testsuite skipped="0" hostname="DESKTOP-NJUVG1C" name="com.crm.qa.testcase.ContactsPageTest" tests="1" failures="0" timestamp="17 Jul 2020 13:13:03 GMT" time="39.311" errors="0">
  <testcase name="verifyContactsPageLabel" time="39.311" classname="com.crm.qa.testcase.ContactsPageTest"/>
</testsuite> <!-- com.crm.qa.testcase.ContactsPageTest -->
