<?xml version="1.0" encoding="UTF-8"?>
<!-- Generated by org.testng.reporters.JUnitReportReporter -->
<testsuite skipped="0" hostname="DESKTOP-NJUVG1C" name="com.crm.qa.testcase.ContactsPageTest" tests="2" failures="0" timestamp="29 Jul 2020 08:39:23 GMT" time="180.038" errors="0">
  <testcase name="clickOnNewContactSave" time="99.935" classname="com.crm.qa.testcase.ContactsPageTest"/>
  <testcase name="clickOnNewContactSave" time="80.103" classname="com.crm.qa.testcase.ContactsPageTest"/>
</testsuite> <!-- com.crm.qa.testcase.ContactsPageTest -->
